2021-07-28 10:01:02,766 INFO PERFORMANCE:|0|0|-1|-1

2021-07-28 10:06:02,767 INFO PERFORMANCE:|0|0|-1|-1

2021-07-28 10:11:02,768 INFO PERFORMANCE:|0|0|-1|-1

2021-07-28 10:16:02,769 INFO PERFORMANCE:|0|0|-1|-1

2021-07-28 10:21:02,770 INFO PERFORMANCE:|0|0|-1|-1

2021-07-28 10:26:02,772 INFO PERFORMANCE:|0|0|-1|-1

2021-07-28 10:31:02,772 INFO PERFORMANCE:|0|0|-1|-1

2021-07-28 10:36:02,774 INFO PERFORMANCE:|0|0|-1|-1

2021-07-28 10:41:02,774 INFO PERFORMANCE:|0|0|-1|-1

2021-07-28 10:46:02,776 INFO PERFORMANCE:|0|0|-1|-1

2021-07-28 10:51:02,777 INFO PERFORMANCE:|0|0|-1|-1

2021-07-28 10:56:02,779 INFO PERFORMANCE:|0|0|-1|-1

2021-07-28 11:01:02,779 INFO PERFORMANCE:|1|1|-1|-1

2021-07-28 11:06:02,781 INFO PERFORMANCE:|1|1|-1|-1

2021-07-28 11:11:02,783 INFO PERFORMANCE:|1|1|-1|-1

2021-07-28 11:16:02,784 INFO PERFORMANCE:|1|0|-1|-1

2021-07-28 11:21:02,786 INFO PERFORMANCE:|0|0|-1|-1

2021-07-28 11:26:02,787 INFO PERFORMANCE:|0|0|-1|-1

2021-07-28 11:31:02,789 INFO PERFORMANCE:|0|0|-1|-1

2021-07-28 11:36:02,791 INFO PERFORMANCE:|0|0|-1|-1

2021-07-28 11:41:02,792 INFO PERFORMANCE:|0|0|-1|-1

2021-07-28 11:46:02,793 INFO PERFORMANCE:|1|1|-1|-1

2021-07-28 11:53:43,800 INFO PERFORMANCE:|1|1|-1|-1

2021-07-28 11:58:43,802 INFO PERFORMANCE:|1|1|-1|-1

2021-07-28 12:03:43,804 INFO PERFORMANCE:|1|1|-1|-1

2021-07-28 12:08:43,805 INFO PERFORMANCE:|1|1|-1|-1

2021-07-28 12:13:43,807 INFO PERFORMANCE:|1|1|-1|-1

2021-07-28 12:18:43,809 INFO PERFORMANCE:|1|1|-1|-1

2021-07-28 12:23:43,810 INFO PERFORMANCE:|1|1|-1|-1

2021-07-28 12:28:43,812 INFO PERFORMANCE:|1|0|-1|-1

2021-07-28 12:33:43,813 INFO PERFORMANCE:|0|0|-1|-1

